<?xml version="1.0" encoding="UTF-8"?>
<!-- Generated by org.testng.reporters.JUnitReportReporter -->
<testsuite skipped="0" hostname="Lenovo-PC" name="com.testing.test.ResultClick" tests="1" failures="0" timestamp="8 Apr 2017 08:44:39 GMT" time="12.592" errors="0">
  <testcase name="result_click" time="12.592" classname="com.testing.test.ResultClick"/>
</testsuite> <!-- com.testing.test.ResultClick -->
