<?xml version="1.0" encoding="UTF-8"?>
<!-- Generated by org.testng.reporters.JUnitReportReporter -->
<testsuite hostname="Lenovo-PC" name="com.testng.Draggable" tests="1" failures="0" timestamp="1 Jul 2016 15:22:35 GMT" time="1.573" errors="0">
  <testcase name="perform_drag" time="1.573" classname="com.testng.Draggable"/>
</testsuite> <!-- com.testng.Draggable -->
