<?xml version="1.0" encoding="UTF-8"?>
<!-- Generated by org.testng.reporters.JUnitReportReporter -->
<testsuite skipped="0" hostname="Lenovo-PC" name="com.testing.test.DownloadPDF" tests="1" failures="0" timestamp="8 Apr 2017 08:37:56 GMT" time="8.949" errors="0">
  <testcase name="Download_PDF" time="8.949" classname="com.testing.test.DownloadPDF"/>
</testsuite> <!-- com.testing.test.DownloadPDF -->
