<?xml version="1.0" encoding="UTF-8"?>
<!-- Generated by org.testng.reporters.JUnitReportReporter -->
<testsuite hostname="Lenovo-PC" name="Samptest" tests="1" failures="0" timestamp="1 Jul 2016 15:18:37 GMT" time="0.020" errors="0">
  <testcase name="display" time="0.020" classname="Samptest"/>
</testsuite> <!-- Samptest -->
