<?xml version="1.0" encoding="UTF-8"?>
<!-- Generated by org.testng.reporters.JUnitReportReporter -->
<testsuite skipped="0" hostname="Lenovo-PC" name="com.testing.test.DraggableTest" tests="1" failures="0" timestamp="30 Nov 2016 14:00:32 GMT" time="1.665" errors="0">
  <testcase name="perform_drag" time="1.665" classname="com.testing.test.DraggableTest"/>
</testsuite> <!-- com.testing.test.DraggableTest -->
