<?xml version="1.0" encoding="UTF-8"?>
<!-- Generated by org.testng.reporters.JUnitReportReporter -->
<testsuite skipped="0" hostname="Lenovo-PC" name="com.testing.test.Sample" tests="1" failures="0" timestamp="30 Nov 2016 13:36:13 GMT" time="0.002" errors="0">
  <testcase name="display" time="0.002" classname="com.testing.test.Sample"/>
</testsuite> <!-- com.testing.test.Sample -->
